<?xml version="1.0" encoding="UTF-8"?>
<!-- Generated by org.testng.reporters.JUnitReportReporter -->
<testsuite hostname="WKWZTP9hkzSNER5" failures="0" tests="1" name="week1.Concate" time="0.008" errors="0" timestamp="2022-11-29T23:19:31 IST" skipped="0">
  <testcase classname="week1.Concate" name="fun" time="0.008"/>
  <system-out/>
</testsuite> <!-- week1.Concate -->
